10/29/2018 21:39:52 INICIANDO...
10/29/2018 21:39:52 2.1.1.8
10/29/2018 21:39:52 Usuário: marco(Administrador)
10/29/2018 21:39:52 Versão do Sistema Operacional: 6.2.9200
10/29/2018 21:39:52 64 Bits: true
10/29/2018 21:39:52 Versão do Firefox.  ( 0.7 )
10/29/2018 21:39:52 UAC: Ativado
10/29/2018 21:39:52 Verificando se Firefox está instalado...
10/29/2018 21:39:52 Firefox não instalado.
10/29/2018 21:39:52 [Verificando Ambiente] Verificando...
10/29/2018 21:39:52 [Verificando Ambiente] Ativando Transport Layer Security (TLS)
10/29/2018 21:39:52 [Verificando Ambiente] Ok.
10/29/2018 21:39:52 [Arquivo hosts] Verificando...
10/29/2018 21:39:52 [Arquivo hosts] Ok.
10/29/2018 21:39:52 [Instalação de certificados raiz] Verificando...
10/29/2018 21:39:52 [Instalação de certificados raiz] Efetuando download do instalador...
10/29/2018 21:39:58 [Instalação de certificados raiz] Instalando...
10/29/2018 21:39:59 [Instalação de certificados raiz] Ok.
10/29/2018 21:39:59 [Terminal Services] Verificando...
10/29/2018 21:39:59 [Terminal Services] Ok.
10/29/2018 21:39:59 [Limpeza do cache IE] Verificando...
10/29/2018 21:39:59 [Limpeza do cache IE] Limpando...
10/29/2018 21:39:59 [Limpeza do cache IE] Ok.
10/29/2018 21:39:59 [Instalando Módulo de Segurança] Verificando...
10/29/2018 21:39:59 [Instalando Módulo de Segurança] Efetuando download do instalador...
10/29/2018 21:40:26 [Instalando Módulo de Segurança] Instalando...
10/29/2018 21:41:36 [Instalando Módulo de Segurança] Ok.
10/29/2018 21:41:36 [Preparando Ambiente] Verificando...
10/29/2018 21:41:36 [Preparando Ambiente] Ok.
10/29/2018 21:41:36 [Configurações do Módulo de Segurança] Verificando...
10/29/2018 21:41:36 [Configurações do Módulo de Segurança] Ok.
10/29/2018 21:41:36 [Instalando configurações da CAIXA] Verificando...
10/29/2018 21:42:25 [Instalando configurações da CAIXA] Instalando...
10/29/2018 21:42:34 [Instalando configurações da CAIXA] Ok.
10/29/2018 21:42:34 [Ajustando ambiente] Verificando...
10/29/2018 21:42:34 [Ajustando ambiente] Ok.
10/29/2018 21:42:35 Reiniciando o sistema...
10/29/2018 21:42:36 CONCLUÍDO.
